<?xml version="1.0" encoding="UTF-8"?>
<!-- Generated by org.testng.reporters.JUnitReportReporter -->
<testsuite hostname="PNVD060" name="mobileTest.summaryTest" tests="1" failures="0" timestamp="10 Jul 2020 08:57:26 GMT" time="39.737" errors="0">
  <testcase name="TestAllScenarios" time="39.737" classname="mobileTest.summaryTest"/>
</testsuite> <!-- mobileTest.summaryTest -->
