<?xml version="1.0" encoding="UTF-8"?>
<!-- Generated by org.testng.reporters.JUnitReportReporter -->
<testsuite hostname="PNVD060" name="mobileTest.logout" tests="1" failures="0" timestamp="10 Jul 2020 10:30:54 GMT" time="14.290" errors="0">
  <testcase name="LogoutAccount" time="14.290" classname="mobileTest.logout"/>
</testsuite> <!-- mobileTest.logout -->
