<?xml version="1.0" encoding="UTF-8"?>
<!-- Generated by org.testng.reporters.JUnitReportReporter -->
<testsuite hostname="PNVD113" name="mobileTest.demo" tests="2" failures="0" timestamp="1 Sep 2020 01:42:25 GMT" time="0.037" errors="0">
  <testcase name="testcase2" time="0.002" classname="mobileTest.demo"/>
  <testcase name="testcase1" time="0.035" classname="mobileTest.demo"/>
</testsuite> <!-- mobileTest.demo -->
