<?xml version="1.0" encoding="UTF-8"?>
<!-- Generated by org.testng.reporters.JUnitReportReporter -->
<testsuite hostname="PNVD060" name="mobileTest.demoMobileTest" tests="1" failures="0" timestamp="9 Jul 2020 04:45:13 GMT" time="19.622" errors="0">
  <testcase name="testAppiumSimulator" time="19.622" classname="mobileTest.demoMobileTest"/>
</testsuite> <!-- mobileTest.demoMobileTest -->
