<?xml version="1.0" encoding="UTF-8"?>
<!-- Generated by org.testng.reporters.JUnitReportReporter -->
<testsuite skipped="0" hostname="PNVD113" name="NailApp.LoginUnsuccessfully" tests="3" failures="0" timestamp="2020-09-11T23:10:42 ICT" time="47.642" errors="0">
  <testcase name="test3_inputWrongPassword" time="21.057" classname="NailApp.LoginUnsuccessfully"/>
  <system-out/>
  <testcase name="test1_blankForAllRequiredField" time="8.573" classname="NailApp.LoginUnsuccessfully"/>
  <system-out/>
  <testcase name="test2_inputPhoneNumber" time="18.012" classname="NailApp.LoginUnsuccessfully"/>
  <system-out/>
</testsuite> <!-- NailApp.LoginUnsuccessfully -->
