<?xml version="1.0" encoding="UTF-8"?>
<!-- Generated by org.testng.reporters.JUnitReportReporter -->
<testsuite skipped="0" hostname="PNVD113" name="tests.LoginSuccessfully" tests="1" failures="0" timestamp="2020-09-04T14:31:20 ICT" time="33.514" errors="0">
  <testcase name="registerNewAccountSuccessfully" time="33.514" classname="tests.LoginSuccessfully"/>
  <system-out/>
</testsuite> <!-- tests.LoginSuccessfully -->
