<?xml version="1.0" encoding="UTF-8"?>
<!-- Generated by org.testng.reporters.JUnitReportReporter -->
<testsuite hostname="PNVD060" name="mobileTest.signIn" tests="1" failures="0" timestamp="13 Jul 2020 03:19:47 GMT" time="13.182" errors="0">
  <testcase name="SignInAccount" time="13.182" classname="mobileTest.signIn"/>
</testsuite> <!-- mobileTest.signIn -->
