<?xml version="1.0" encoding="UTF-8"?>
<!-- Generated by org.testng.reporters.JUnitReportReporter -->
<testsuite skipped="0" hostname="PNVD113" name="NailApp.RegisterUnsuccessfully" tests="6" failures="0" timestamp="2020-09-11T23:34:31 ICT" time="134.317" errors="0">
  <testcase name="test2_InputUserNameField" time="19.394" classname="NailApp.RegisterUnsuccessfully"/>
  <system-out/>
  <testcase name="test5_InputPasswordField" time="16.225" classname="NailApp.RegisterUnsuccessfully"/>
  <system-out/>
  <testcase name="test3_InputEmailField" time="17.982" classname="NailApp.RegisterUnsuccessfully"/>
  <system-out/>
  <testcase name="test6_InputWrongConfirmPasswordField" time="24.163" classname="NailApp.RegisterUnsuccessfully"/>
  <system-out/>
  <testcase name="test4_InputPhoneNumberField" time="18.798" classname="NailApp.RegisterUnsuccessfully"/>
  <system-out/>
  <testcase name="test1_blankForAllRequiredField" time="37.755" classname="NailApp.RegisterUnsuccessfully"/>
  <system-out/>
</testsuite> <!-- NailApp.RegisterUnsuccessfully -->
