<?xml version="1.0" encoding="UTF-8"?>
<!-- Generated by org.testng.reporters.JUnitReportReporter -->
<testsuite skipped="0" hostname="PNVD113" name="NailApp.LoginSuccessfully" tests="1" failures="0" timestamp="2020-09-11T22:59:58 ICT" time="48.615" errors="0">
  <testcase name="registerNewAccountSuccessfully" time="48.615" classname="NailApp.LoginSuccessfully"/>
  <system-out/>
</testsuite> <!-- NailApp.LoginSuccessfully -->
