<?xml version="1.0" encoding="UTF-8"?>
<!-- Generated by org.testng.reporters.JUnitReportReporter -->
<testsuite skipped="0" hostname="PNVD113" name="NailApp.LogoutSuccessfully" tests="1" failures="0" timestamp="2020-09-12T01:01:31 ICT" time="76.508" errors="0">
  <testcase name="TestLogoutSuccessfully" time="76.508" classname="NailApp.LogoutSuccessfully"/>
  <system-out/>
</testsuite> <!-- NailApp.LogoutSuccessfully -->
