<?xml version="1.0" encoding="UTF-8"?>
<!-- Generated by org.testng.reporters.JUnitReportReporter -->
<testsuite hostname="PNVD113" name="mobileTest.Register" tests="1" failures="0" timestamp="31 Aug 2020 02:05:53 GMT" time="92.597" errors="0">
  <testcase name="registerNewAccount" time="92.597" classname="mobileTest.Register"/>
</testsuite> <!-- mobileTest.Register -->
