<?xml version="1.0" encoding="UTF-8"?>
<!-- Generated by org.testng.reporters.JUnitReportReporter -->
<testsuite hostname="PNVD060" name="mobileTest.AutoGenerateEmail" tests="1" failures="0" timestamp="13 Jul 2020 02:33:14 GMT" time="57.248" errors="0">
  <testcase name="DotheMailAction" time="57.248" classname="mobileTest.AutoGenerateEmail"/>
</testsuite> <!-- mobileTest.AutoGenerateEmail -->
