<?xml version="1.0" encoding="UTF-8"?>
<!-- Generated by org.testng.reporters.JUnitReportReporter -->
<testsuite skipped="0" hostname="PNVD113" name="NailApp.LoginUnsuccessfully" tests="3" failures="0" timestamp="2020-09-12T00:42:30 ICT" time="41.582" errors="0">
  <testcase name="test3_inputWrongPassword" time="16.486" classname="NailApp.LoginUnsuccessfully"/>
  <system-out/>
  <testcase name="test1_blankForAllRequiredField" time="7.573" classname="NailApp.LoginUnsuccessfully"/>
  <system-out/>
  <testcase name="test2_inputPhoneNumber" time="17.523" classname="NailApp.LoginUnsuccessfully"/>
  <system-out/>
</testsuite> <!-- NailApp.LoginUnsuccessfully -->
