<?xml version="1.0" encoding="UTF-8"?>
<!-- Generated by org.testng.reporters.JUnitReportReporter -->
<testsuite skipped="0" hostname="PNVD113" name="NailApp.RegisterSuccessfully" tests="1" failures="0" timestamp="2020-09-12T00:34:53 ICT" time="94.678" errors="0">
  <testcase name="registerNewAccountSuccessfully" time="94.678" classname="NailApp.RegisterSuccessfully"/>
  <system-out/>
</testsuite> <!-- NailApp.RegisterSuccessfully -->
